[2025-11-09 07:34:48] ==========================================
[2025-11-09 07:34:48] Starting BrewTopia ETL Pipeline
[2025-11-09 07:34:48] ==========================================
[2025-11-09 07:34:48] Phase 1: Data Extraction
[2025-11-09 07:34:48] Phase 2: Data Transformation
[2025-11-09 07:34:48] Phase 3: Data Loading and Analysis
[2025-11-09 07:34:48] Extracting online orders from JSON...
[2025-11-09 07:34:48] Successfully extracted 50 online orders
[2025-11-09 07:34:48] Extracting in-store sales from CSV...
[2025-11-09 07:34:48] Successfully extracted 75 in-store sales
[2025-11-09 07:34:48] Extracting inventory data from MySQL database...
[2025-11-09 07:34:48] Successfully extracted 4 inventory items
[2025-11-09 07:34:48] Transforming online orders...
[2025-11-09 07:34:48] Transformed 50 valid online orders
[2025-11-09 07:34:48] Transforming in-store sales...
[2025-11-09 07:34:48] Transformed 75 valid in-store sales
[2025-11-09 07:34:48] Transforming inventory data...
[2025-11-09 07:34:48] Transformed 4 inventory items
[2025-11-09 07:34:48] Merging transformed datasets...
[2025-11-09 07:34:48] Merged data contains 125 total records
[2025-11-09 07:34:48] Generating business insights...
[2025-11-09 07:34:48] Business insights report generated: /root/coffee_etl_project/reports/daily_report_20251109_073448.txt
[2025-11-09 07:34:48] Checking for low inventory alerts...
[2025-11-09 07:34:48] All inventory levels are adequate
[2025-11-09 07:34:48] Cleaning up temporary files...
[2025-11-09 07:34:48] Temporary files removed
[2025-11-09 07:34:48] Old log files cleaned up
[2025-11-09 07:34:48] ==========================================
[2025-11-09 07:34:48] ETL Pipeline completed successfully
[2025-11-09 07:34:48] ==========================================
