[2025-11-09 07:38:27] ==========================================
[2025-11-09 07:38:27] Starting BrewTopia ETL Pipeline
[2025-11-09 07:38:27] ==========================================
[2025-11-09 07:38:27] Phase 1: Data Extraction
[2025-11-09 07:38:27] Phase 2: Data Transformation
[2025-11-09 07:38:27] Phase 3: Data Loading and Analysis
[2025-11-09 07:38:27] Extracting online orders from JSON...
[2025-11-09 07:38:27] Successfully extracted 50 online orders
[2025-11-09 07:38:27] Extracting in-store sales from CSV...
[2025-11-09 07:38:27] Successfully extracted 75 in-store sales
[2025-11-09 07:38:27] Extracting inventory data from MySQL database...
[2025-11-09 07:38:27] Successfully extracted 4 inventory items
[2025-11-09 07:38:27] Transforming online orders...
[2025-11-09 07:38:27] Transformed 50 valid online orders
[2025-11-09 07:38:27] Transforming in-store sales...
[2025-11-09 07:38:27] Transformed 75 valid in-store sales
[2025-11-09 07:38:27] Transforming inventory data...
[2025-11-09 07:38:27] Transformed 4 inventory items
[2025-11-09 07:38:27] Merging transformed datasets...
[2025-11-09 07:38:27] Merged data contains 125 total records
[2025-11-09 07:38:27] Generating business insights...
[2025-11-09 07:38:27] Business insights report generated: /root/coffee_etl_project/reports/daily_report_20251109_073827.txt
[2025-11-09 07:38:27] Checking for low inventory alerts...
[2025-11-09 07:38:27] All inventory levels are adequate
[2025-11-09 07:38:29] Email alert sent to keroloshani474@gmail.com
[2025-11-09 07:38:29] Cleaning up temporary files...
[2025-11-09 07:38:29] Temporary files removed
[2025-11-09 07:38:29] Old log files cleaned up
[2025-11-09 07:38:29] ==========================================
[2025-11-09 07:38:29] ETL Pipeline completed successfully
[2025-11-09 07:38:29] ==========================================
