[2025-11-09 07:12:08] ==========================================
[2025-11-09 07:12:08] Starting BrewTopia ETL Pipeline
[2025-11-09 07:12:08] ==========================================
[2025-11-09 07:12:08] Phase 1: Data Extraction
[2025-11-09 07:12:08] Phase 2: Data Transformation
[2025-11-09 07:12:08] Phase 3: Data Loading and Analysis
[2025-11-09 07:12:08] Extracting online orders from JSON...
[2025-11-09 07:12:08] Successfully extracted 50 online orders
[2025-11-09 07:12:08] Extracting in-store sales from CSV...
[2025-11-09 07:12:08] Successfully extracted 75 in-store sales
[2025-11-09 07:12:08] Extracting inventory data from MySQL database...
[2025-11-09 07:12:08] Successfully extracted 0 inventory items
[2025-11-09 07:12:08] Transforming online orders...
[2025-11-09 07:12:08] Transformed 50 valid online orders
[2025-11-09 07:12:08] Transforming in-store sales...
[2025-11-09 07:12:08] Transformed 75 valid in-store sales
[2025-11-09 07:12:08] Transforming inventory data...
[2025-11-09 07:12:08] Transformed 0 inventory items
[2025-11-09 07:12:08] Merging transformed datasets...
[2025-11-09 07:12:08] Merged data contains 125 total records
[2025-11-09 07:12:08] Generating business insights...
[2025-11-09 07:12:08] Business insights report generated: /root/coffee_etl_project/reports/daily_report_20251109_071208.txt
[2025-11-09 07:12:08] Checking for low inventory alerts...
[2025-11-09 07:12:08] All inventory levels are adequate
[2025-11-09 07:12:08] Cleaning up temporary files...
[2025-11-09 07:12:08] Temporary files removed
[2025-11-09 07:12:08] Old log files cleaned up
[2025-11-09 07:12:08] ==========================================
[2025-11-09 07:12:08] ETL Pipeline completed successfully
[2025-11-09 07:12:08] ==========================================
