[2025-11-09 07:13:20] ==========================================
[2025-11-09 07:13:20] Starting BrewTopia ETL Pipeline
[2025-11-09 07:13:20] ==========================================
[2025-11-09 07:13:20] Phase 1: Data Extraction
[2025-11-09 07:13:20] Phase 2: Data Transformation
[2025-11-09 07:13:20] Phase 3: Data Loading and Analysis
[2025-11-09 07:13:20] Extracting online orders from JSON...
[2025-11-09 07:13:20] Successfully extracted 50 online orders
[2025-11-09 07:13:20] Extracting in-store sales from CSV...
[2025-11-09 07:13:20] Successfully extracted 75 in-store sales
[2025-11-09 07:13:20] Extracting inventory data from MySQL database...
[2025-11-09 07:13:20] Successfully extracted 4 inventory items
[2025-11-09 07:13:20] Transforming online orders...
[2025-11-09 07:13:20] Transformed 50 valid online orders
[2025-11-09 07:13:20] Transforming in-store sales...
[2025-11-09 07:13:20] Transformed 75 valid in-store sales
[2025-11-09 07:13:20] Transforming inventory data...
[2025-11-09 07:13:20] Transformed 4 inventory items
[2025-11-09 07:13:20] Merging transformed datasets...
[2025-11-09 07:13:20] Merged data contains 125 total records
[2025-11-09 07:13:20] Generating business insights...
[2025-11-09 07:13:20] Business insights report generated: /root/coffee_etl_project/reports/daily_report_20251109_071320.txt
[2025-11-09 07:13:20] Checking for low inventory alerts...
[2025-11-09 07:13:20] All inventory levels are adequate
[2025-11-09 07:13:20] Cleaning up temporary files...
[2025-11-09 07:13:20] Temporary files removed
[2025-11-09 07:13:20] Old log files cleaned up
[2025-11-09 07:13:20] ==========================================
[2025-11-09 07:13:20] ETL Pipeline completed successfully
[2025-11-09 07:13:20] ==========================================
